This is pdfTeX, Version 3.14159265-2.6-1.40.16 (TeX Live 2015) (preloaded format=pdflatex 2015.5.24)  4 FEB 2016 13:46
entering extended mode
 restricted \write18 enabled.
 file:line:error style messages enabled.
 %&-line parsing enabled.
**programs_CALYPSO.tex
(./programs_CALYPSO.tex
LaTeX2e <2015/01/01>
Babel <3.9l> and hyphenation patterns for 79 languages loaded.
./programs_CALYPSO.tex:1: Undefined control sequence.
l.1 \section
            {Preprocessing program ({\tt gen\_sph\_grid})}
? 
./programs_CALYPSO.tex:1: Emergency stop.
l.1 \section
            {Preprocessing program ({\tt gen\_sph\_grid})}
End of file on the terminal!

 
Here is how much of TeX's memory you used:
 5 strings out of 493089
 163 string characters out of 6134842
 53199 words of memory out of 5000000
 3590 multiletter control sequences out of 15000+600000
 3640 words of font info for 14 fonts, out of 8000000 for 9000
 1141 hyphenation exceptions out of 8191
 5i,0n,1p,77b,8s stack positions out of 5000i,500n,10000p,200000b,80000s
./programs_CALYPSO.tex:1:  ==> Fatal error occurred, no output PDF file produce
d!
